[ 2014-10-16T10:48:09+08:00 ] 127.0.0.1 /index.php
INFO: [ app_init ] --START--
INFO: Run Behavior\BuildLiteBehavior [ RunTime:0.000009s ]
INFO: [ app_init ] --END-- [ RunTime:0.000422s ]
INFO: [ app_begin ] --START--
INFO: Run Behavior\ReadHtmlCacheBehavior [ RunTime:0.000220s ]
INFO: [ app_begin ] --END-- [ RunTime:0.000246s ]
INFO: [ view_parse ] --START--
INFO: [ template_filter ] --START--
INFO: Run Behavior\ContentReplaceBehavior [ RunTime:0.000041s ]
INFO: [ template_filter ] --END-- [ RunTime:0.000133s ]
INFO: Run Behavior\ParseTemplateBehavior [ RunTime:0.003410s ]
INFO: [ view_parse ] --END-- [ RunTime:0.003455s ]
INFO: [ view_filter ] --START--
INFO: Run Behavior\WriteHtmlCacheBehavior [ RunTime:0.000151s ]
INFO: [ view_filter ] --END-- [ RunTime:0.000181s ]
INFO: [ app_end ] --START--
INFO: Run Behavior\ShowPageTraceBehavior [ RunTime:0.000384s ]
INFO: [ app_end ] --END-- [ RunTime:0.000422s ]
NOTIC: [8] Constant MEMORY_LIMIT_ON already defined /home/youngershen/dev/htdoc/spyapp-web/ThinkPHP/ThinkPHP.php 第 19 行.
NOTIC: [8] Constant THINK_VERSION already defined /home/youngershen/dev/htdoc/spyapp-web/ThinkPHP/ThinkPHP.php 第 23 行.
NOTIC: [8] Constant URL_COMMON already defined /home/youngershen/dev/htdoc/spyapp-web/ThinkPHP/ThinkPHP.php 第 26 行.
NOTIC: [8] Constant URL_PATHINFO already defined /home/youngershen/dev/htdoc/spyapp-web/ThinkPHP/ThinkPHP.php 第 27 行.
NOTIC: [8] Constant URL_REWRITE already defined /home/youngershen/dev/htdoc/spyapp-web/ThinkPHP/ThinkPHP.php 第 28 行.
NOTIC: [8] Constant URL_COMPAT already defined /home/youngershen/dev/htdoc/spyapp-web/ThinkPHP/ThinkPHP.php 第 29 行.
NOTIC: [8] Constant EXT already defined /home/youngershen/dev/htdoc/spyapp-web/ThinkPHP/ThinkPHP.php 第 32 行.
NOTIC: [8] Constant MAGIC_QUOTES_GPC already defined /home/youngershen/dev/htdoc/spyapp-web/ThinkPHP/ThinkPHP.php 第 70 行.
NOTIC: [8] Constant IS_CGI already defined /home/youngershen/dev/htdoc/spyapp-web/ThinkPHP/ThinkPHP.php 第 72 行.
NOTIC: [8] Constant IS_WIN already defined /home/youngershen/dev/htdoc/spyapp-web/ThinkPHP/ThinkPHP.php 第 73 行.
NOTIC: [8] Constant IS_CLI already defined /home/youngershen/dev/htdoc/spyapp-web/ThinkPHP/ThinkPHP.php 第 74 行.

[ 2014-10-16T10:48:28+08:00 ] 127.0.0.1 /index.php
INFO: [ app_init ] --START--
INFO: Run Behavior\BuildLiteBehavior [ RunTime:0.000006s ]
INFO: [ app_init ] --END-- [ RunTime:0.000145s ]
INFO: [ app_begin ] --START--
INFO: Run Behavior\ReadHtmlCacheBehavior [ RunTime:0.000182s ]
INFO: [ app_begin ] --END-- [ RunTime:0.000202s ]
INFO: [ view_parse ] --START--
INFO: Run Behavior\ParseTemplateBehavior [ RunTime:0.000057s ]
INFO: [ view_parse ] --END-- [ RunTime:0.000076s ]
INFO: [ view_filter ] --START--
INFO: Run Behavior\WriteHtmlCacheBehavior [ RunTime:0.000049s ]
INFO: [ view_filter ] --END-- [ RunTime:0.000063s ]
INFO: [ app_end ] --START--
INFO: Run Behavior\ShowPageTraceBehavior [ RunTime:0.000188s ]
INFO: [ app_end ] --END-- [ RunTime:0.000206s ]

[ 2014-10-16T10:48:44+08:00 ] 127.0.0.1 /index.php
INFO: [ app_init ] --START--
INFO: Run Behavior\BuildLiteBehavior [ RunTime:0.000009s ]
INFO: [ app_init ] --END-- [ RunTime:0.000152s ]
INFO: [ app_begin ] --START--
INFO: Run Behavior\ReadHtmlCacheBehavior [ RunTime:0.000205s ]
INFO: [ app_begin ] --END-- [ RunTime:0.000226s ]
INFO: [ view_parse ] --START--
INFO: Run Behavior\ParseTemplateBehavior [ RunTime:0.000056s ]
INFO: [ view_parse ] --END-- [ RunTime:0.000075s ]
INFO: [ view_filter ] --START--
INFO: Run Behavior\WriteHtmlCacheBehavior [ RunTime:0.000049s ]
INFO: [ view_filter ] --END-- [ RunTime:0.000064s ]
INFO: [ app_end ] --START--
INFO: Run Behavior\ShowPageTraceBehavior [ RunTime:0.000203s ]
INFO: [ app_end ] --END-- [ RunTime:0.000220s ]

[ 2014-10-16T10:48:45+08:00 ] 127.0.0.1 /index.php
INFO: [ app_init ] --START--
INFO: Run Behavior\BuildLiteBehavior [ RunTime:0.000007s ]
INFO: [ app_init ] --END-- [ RunTime:0.000166s ]
INFO: [ app_begin ] --START--
INFO: Run Behavior\ReadHtmlCacheBehavior [ RunTime:0.000207s ]
INFO: [ app_begin ] --END-- [ RunTime:0.000232s ]
INFO: [ view_parse ] --START--
INFO: Run Behavior\ParseTemplateBehavior [ RunTime:0.000061s ]
INFO: [ view_parse ] --END-- [ RunTime:0.000083s ]
INFO: [ view_filter ] --START--
INFO: Run Behavior\WriteHtmlCacheBehavior [ RunTime:0.000054s ]
INFO: [ view_filter ] --END-- [ RunTime:0.000071s ]
INFO: [ app_end ] --START--
INFO: Run Behavior\ShowPageTraceBehavior [ RunTime:0.000214s ]
INFO: [ app_end ] --END-- [ RunTime:0.000234s ]

[ 2014-10-16T10:50:20+08:00 ] 127.0.0.1 /index.php
INFO: [ app_init ] --START--
INFO: Run Behavior\BuildLiteBehavior [ RunTime:0.000026s ]
INFO: [ app_init ] --END-- [ RunTime:0.000754s ]
INFO: [ app_begin ] --START--
INFO: Run Behavior\ReadHtmlCacheBehavior [ RunTime:0.000743s ]
INFO: [ app_begin ] --END-- [ RunTime:0.000830s ]
INFO: [ view_parse ] --START--
INFO: Run Behavior\ParseTemplateBehavior [ RunTime:0.000240s ]
INFO: [ view_parse ] --END-- [ RunTime:0.000322s ]
INFO: [ view_filter ] --START--
INFO: Run Behavior\WriteHtmlCacheBehavior [ RunTime:0.000210s ]
INFO: [ view_filter ] --END-- [ RunTime:0.000271s ]
INFO: [ app_end ] --START--
INFO: Run Behavior\ShowPageTraceBehavior [ RunTime:0.000844s ]
INFO: [ app_end ] --END-- [ RunTime:0.000938s ]

[ 2014-10-16T10:50:21+08:00 ] 127.0.0.1 /index.php
INFO: [ app_init ] --START--
INFO: Run Behavior\BuildLiteBehavior [ RunTime:0.000006s ]
INFO: [ app_init ] --END-- [ RunTime:0.000141s ]
INFO: [ app_begin ] --START--
INFO: Run Behavior\ReadHtmlCacheBehavior [ RunTime:0.000180s ]
INFO: [ app_begin ] --END-- [ RunTime:0.000200s ]
INFO: [ view_parse ] --START--
INFO: Run Behavior\ParseTemplateBehavior [ RunTime:0.000052s ]
INFO: [ view_parse ] --END-- [ RunTime:0.000071s ]
INFO: [ view_filter ] --START--
INFO: Run Behavior\WriteHtmlCacheBehavior [ RunTime:0.000047s ]
INFO: [ view_filter ] --END-- [ RunTime:0.000062s ]
INFO: [ app_end ] --START--
INFO: Run Behavior\ShowPageTraceBehavior [ RunTime:0.000183s ]
INFO: [ app_end ] --END-- [ RunTime:0.000200s ]

[ 2014-10-16T12:49:15+08:00 ] 127.0.0.1 /admin.php/Index/say
ERR: 非法操作:say

[ 2014-10-16T12:49:16+08:00 ] 127.0.0.1 /admin.php/Index/say
ERR: 非法操作:say

[ 2014-10-16T12:49:18+08:00 ] 127.0.0.1 /admin.php/
ERR: 无法加载控制器:E

[ 2014-10-16T12:49:28+08:00 ] 127.0.0.1 /admin.php/
ERR: 无法加载控制器:E

[ 2014-10-16T12:49:33+08:00 ] 127.0.0.1 /admin.php/index/say
ERR: 非法操作:say

[ 2014-10-16T12:49:40+08:00 ] 127.0.0.1 /
INFO: [ app_init ] --START--
INFO: Run Behavior\BuildLiteBehavior [ RunTime:0.000007s ]
INFO: [ app_init ] --END-- [ RunTime:0.000155s ]
INFO: [ app_begin ] --START--
INFO: Run Behavior\ReadHtmlCacheBehavior [ RunTime:0.000191s ]
INFO: [ app_begin ] --END-- [ RunTime:0.000213s ]
INFO: [ view_parse ] --START--
INFO: Run Behavior\ParseTemplateBehavior [ RunTime:0.000060s ]
INFO: [ view_parse ] --END-- [ RunTime:0.000079s ]
INFO: [ view_filter ] --START--
INFO: Run Behavior\WriteHtmlCacheBehavior [ RunTime:0.000051s ]
INFO: [ view_filter ] --END-- [ RunTime:0.000065s ]
INFO: [ app_end ] --START--
INFO: Run Behavior\ShowPageTraceBehavior [ RunTime:0.000202s ]
INFO: [ app_end ] --END-- [ RunTime:0.000219s ]

[ 2014-10-16T12:50:23+08:00 ] 127.0.0.1 /admin.php/
ERR: 无法加载控制器:E

[ 2014-10-16T12:50:33+08:00 ] 127.0.0.1 /admin.php/index/indexs
ERR: 非法操作:indexs

